<?xml version="1.0" encoding="UTF-8"?>
<!-- Generated by org.testng.reporters.JUnitReportReporter -->
<testsuite skipped="0" hostname="Maxims-MBP" name="core.AddTest" tests="1" failures="0" timestamp="01 Jul 2019 21:10:30 GMT" time="0.013" errors="0">
  <testcase name="f" time="0.013" classname="core.AddTest"/>
</testsuite> <!-- core.AddTest -->
