<?xml version="1.0" encoding="UTF-8"?>
<!-- Generated by org.testng.reporters.JUnitReportReporter -->
<testsuite skipped="0" hostname="Maxims-MBP" name="core.DivideTest" tests="1" failures="0" timestamp="01 Jul 2019 15:25:33 GMT" time="0.002" errors="0">
  <testcase name="f" time="0.002" classname="core.DivideTest"/>
</testsuite> <!-- core.DivideTest -->
